   0  $accept : %entry% $end

   1  program : decls EOF

   2  decls :
   3        | decls vdecl
   4        | decls fdecl
   5        | decls stmt

   6  fdecl : DEF ID ID LPAREN formals_opt RPAREN LBRACE vdecl_list stmt_list RBRACE

   7  formals_opt :
   8              | formal_list

   9  formal_list : ID
  10              | formal_list COMMA ID

  11  dict_formal_list : ID COLON expr
  12                   | LITERAL COLON expr
  13                   | dict_formal_list COMMA ID COLON expr
  14                   | dict_formal_list COMMA LITERAL COLON expr

  15  vdecl_list :
  16             | vdecl_list vdecl

  17  vdecl : prim_decl_prefix SEMI
  18        | node_decl_prefix SEMI
  19        | graph_decl_prefix SEMI
  20        | list_decl_prefix SEMI
  21        | dict_decl_prefix SEMI

  22  prim_type : BOOL
  23            | NUM
  24            | STRING

  25  data_type : prim_type
  26            | DICT
  27            | LIST
  28            | NODE
  29            | GRAPH

  30  prim_decl_prefix : prim_type ID
  31                   | prim_type ID ASSIGN expr
  32                   | prim_decl_prefix COMMA ID ASSIGN expr
  33                   | prim_decl_prefix COMMA ID

  34  node_decl_prefix : NODE ID
  35                   | NODE ID LPAREN expr RPAREN
  36                   | node_decl_prefix COMMA ID LPAREN expr RPAREN
  37                   | node_decl_prefix COMMA ID

  38  graph_decl_prefix : GRAPH ID
  39                    | GRAPH ID ASSIGN LBRACE edge_op_list RBRACE
  40                    | graph_decl_prefix COMMA ID

  41  list_decl_prefix : LIST LT data_type GT ID
  42                   | LIST LT data_type GT ID ASSIGN LBRACKET actuals_list RBRACKET
  43                   | list_decl_prefix COMMA LT data_type GT ID
  44                   | list_decl_prefix COMMA LT data_type GT ID ASSIGN LBRACKET actuals_list RBRACKET

  45  dict_decl_prefix : DICT LT data_type COMMA data_type GT ID
  46                   | DICT LT data_type COMMA data_type GT ID ASSIGN LBRACE dict_formal_list RBRACE
  47                   | dict_decl_prefix COMMA DICT LT data_type COMMA data_type GT ID

  48  edge_op_list : edge_op
  49               | edge_op_list COMMA edge_op

  50  edge_op : ID
  51          | ID UEDGE ID
  52          | ID REDGE ID
  53          | ID REDGE LBRACKET expr RBRACKET ID
  54          | ID UEDGE LBRACKET expr RBRACKET ID
  55          | ID LBRACKET expr RBRACKET UEDGE LBRACKET expr RBRACKET ID

  56  stmt_list :
  57            | stmt_list stmt

  58  stmt : expr SEMI
  59       | edge_op SEMI
  60       | RETURN expr SEMI
  61       | LBRACE stmt_list RBRACE
  62       | IF LPAREN expr RPAREN stmt
  63       | IF LPAREN expr RPAREN stmt ELSE stmt
  64       | FOR LPAREN ID IN ID RPAREN LBRACE vdecl_list stmt_list RBRACE
  65       | WHILE LPAREN expr RPAREN LBRACE vdecl_list stmt_list RBRACE

  66  expr : LITERAL
  67       | INF
  68       | TRUE
  69       | FALSE
  70       | ID LBRACKET expr RBRACKET
  71       | ID
  72       | expr PLUS expr
  73       | expr MINUS expr
  74       | expr TIMES expr
  75       | expr DIVIDE expr
  76       | expr EQ expr
  77       | expr NEQ expr
  78       | expr LT expr
  79       | expr LEQ expr
  80       | expr GT expr
  81       | expr GEQ expr
  82       | expr LOGAND expr
  83       | expr LOGOR expr
  84       | ID ASSIGN expr
  85       | ID LPAREN actuals_opt RPAREN
  86       | ID DOT ID
  87       | ID DOT ID LPAREN actuals_opt RPAREN
  88       | LPAREN expr RPAREN

  89  actuals_opt :
  90              | actuals_list

  91  actuals_list : expr
  92               | actuals_list COMMA expr

  93  %entry% : '\001' program

state 0
	$accept : . %entry% $end  (0)

	'\001'  shift 1
	.  error

	%entry%  goto 2


state 1
	%entry% : '\001' . program  (93)
	decls : .  (2)

	.  reduce 2

	program  goto 3
	decls  goto 4


state 2
	$accept : %entry% . $end  (0)

	$end  accept


state 3
	%entry% : '\001' program .  (93)

	.  reduce 93


state 4
	program : decls . EOF  (1)
	decls : decls . vdecl  (3)
	decls : decls . fdecl  (4)
	decls : decls . stmt  (5)

	LPAREN  shift 5
	LBRACE  shift 6
	RETURN  shift 7
	IF  shift 8
	FOR  shift 9
	WHILE  shift 10
	DEF  shift 11
	BOOL  shift 12
	NUM  shift 13
	STRING  shift 14
	NODE  shift 15
	GRAPH  shift 16
	LIST  shift 17
	DICT  shift 18
	TRUE  shift 19
	FALSE  shift 20
	INF  shift 21
	LITERAL  shift 22
	ID  shift 23
	EOF  shift 24
	.  error

	vdecl  goto 25
	fdecl  goto 26
	stmt  goto 27
	expr  goto 28
	prim_decl_prefix  goto 29
	node_decl_prefix  goto 30
	graph_decl_prefix  goto 31
	list_decl_prefix  goto 32
	dict_decl_prefix  goto 33
	prim_type  goto 34
	edge_op  goto 35


state 5
	expr : LPAREN . expr RPAREN  (88)

	LPAREN  shift 5
	TRUE  shift 19
	FALSE  shift 20
	INF  shift 21
	LITERAL  shift 22
	ID  shift 36
	.  error

	expr  goto 37


state 6
	stmt : LBRACE . stmt_list RBRACE  (61)
	stmt_list : .  (56)

	.  reduce 56

	stmt_list  goto 38


state 7
	stmt : RETURN . expr SEMI  (60)

	LPAREN  shift 5
	TRUE  shift 19
	FALSE  shift 20
	INF  shift 21
	LITERAL  shift 22
	ID  shift 36
	.  error

	expr  goto 39


state 8
	stmt : IF . LPAREN expr RPAREN stmt  (62)
	stmt : IF . LPAREN expr RPAREN stmt ELSE stmt  (63)

	LPAREN  shift 40
	.  error


state 9
	stmt : FOR . LPAREN ID IN ID RPAREN LBRACE vdecl_list stmt_list RBRACE  (64)

	LPAREN  shift 41
	.  error


state 10
	stmt : WHILE . LPAREN expr RPAREN LBRACE vdecl_list stmt_list RBRACE  (65)

	LPAREN  shift 42
	.  error


state 11
	fdecl : DEF . ID ID LPAREN formals_opt RPAREN LBRACE vdecl_list stmt_list RBRACE  (6)

	ID  shift 43
	.  error


state 12
	prim_type : BOOL .  (22)

	.  reduce 22


state 13
	prim_type : NUM .  (23)

	.  reduce 23


state 14
	prim_type : STRING .  (24)

	.  reduce 24


state 15
	node_decl_prefix : NODE . ID  (34)
	node_decl_prefix : NODE . ID LPAREN expr RPAREN  (35)

	ID  shift 44
	.  error


state 16
	graph_decl_prefix : GRAPH . ID  (38)
	graph_decl_prefix : GRAPH . ID ASSIGN LBRACE edge_op_list RBRACE  (39)

	ID  shift 45
	.  error


state 17
	list_decl_prefix : LIST . LT data_type GT ID  (41)
	list_decl_prefix : LIST . LT data_type GT ID ASSIGN LBRACKET actuals_list RBRACKET  (42)

	LT  shift 46
	.  error


state 18
	dict_decl_prefix : DICT . LT data_type COMMA data_type GT ID  (45)
	dict_decl_prefix : DICT . LT data_type COMMA data_type GT ID ASSIGN LBRACE dict_formal_list RBRACE  (46)

	LT  shift 47
	.  error


state 19
	expr : TRUE .  (68)

	.  reduce 68


state 20
	expr : FALSE .  (69)

	.  reduce 69


state 21
	expr : INF .  (67)

	.  reduce 67


state 22
	expr : LITERAL .  (66)

	.  reduce 66


23: reduce/reduce conflict (reduce 50, reduce 71) on SEMI
state 23
	edge_op : ID .  (50)
	edge_op : ID . UEDGE ID  (51)
	edge_op : ID . REDGE ID  (52)
	edge_op : ID . REDGE LBRACKET expr RBRACKET ID  (53)
	edge_op : ID . UEDGE LBRACKET expr RBRACKET ID  (54)
	edge_op : ID . LBRACKET expr RBRACKET UEDGE LBRACKET expr RBRACKET ID  (55)
	expr : ID . LBRACKET expr RBRACKET  (70)
	expr : ID .  (71)
	expr : ID . ASSIGN expr  (84)
	expr : ID . LPAREN actuals_opt RPAREN  (85)
	expr : ID . DOT ID  (86)
	expr : ID . DOT ID LPAREN actuals_opt RPAREN  (87)

	LPAREN  shift 48
	LBRACKET  shift 49
	DOT  shift 50
	ASSIGN  shift 51
	UEDGE  shift 52
	REDGE  shift 53
	SEMI  reduce 50
	PLUS  reduce 71
	MINUS  reduce 71
	TIMES  reduce 71
	DIVIDE  reduce 71
	EQ  reduce 71
	NEQ  reduce 71
	LT  reduce 71
	LEQ  reduce 71
	GT  reduce 71
	GEQ  reduce 71
	LOGAND  reduce 71
	LOGOR  reduce 71


state 24
	program : decls EOF .  (1)

	.  reduce 1


state 25
	decls : decls vdecl .  (3)

	.  reduce 3


state 26
	decls : decls fdecl .  (4)

	.  reduce 4


state 27
	decls : decls stmt .  (5)

	.  reduce 5


state 28
	stmt : expr . SEMI  (58)
	expr : expr . PLUS expr  (72)
	expr : expr . MINUS expr  (73)
	expr : expr . TIMES expr  (74)
	expr : expr . DIVIDE expr  (75)
	expr : expr . EQ expr  (76)
	expr : expr . NEQ expr  (77)
	expr : expr . LT expr  (78)
	expr : expr . LEQ expr  (79)
	expr : expr . GT expr  (80)
	expr : expr . GEQ expr  (81)
	expr : expr . LOGAND expr  (82)
	expr : expr . LOGOR expr  (83)

	SEMI  shift 54
	PLUS  shift 55
	MINUS  shift 56
	TIMES  shift 57
	DIVIDE  shift 58
	EQ  shift 59
	NEQ  shift 60
	LT  shift 61
	LEQ  shift 62
	GT  shift 63
	GEQ  shift 64
	LOGAND  shift 65
	LOGOR  shift 66
	.  error


state 29
	vdecl : prim_decl_prefix . SEMI  (17)
	prim_decl_prefix : prim_decl_prefix . COMMA ID ASSIGN expr  (32)
	prim_decl_prefix : prim_decl_prefix . COMMA ID  (33)

	SEMI  shift 67
	COMMA  shift 68
	.  error


state 30
	vdecl : node_decl_prefix . SEMI  (18)
	node_decl_prefix : node_decl_prefix . COMMA ID LPAREN expr RPAREN  (36)
	node_decl_prefix : node_decl_prefix . COMMA ID  (37)

	SEMI  shift 69
	COMMA  shift 70
	.  error


state 31
	vdecl : graph_decl_prefix . SEMI  (19)
	graph_decl_prefix : graph_decl_prefix . COMMA ID  (40)

	SEMI  shift 71
	COMMA  shift 72
	.  error


state 32
	vdecl : list_decl_prefix . SEMI  (20)
	list_decl_prefix : list_decl_prefix . COMMA LT data_type GT ID  (43)
	list_decl_prefix : list_decl_prefix . COMMA LT data_type GT ID ASSIGN LBRACKET actuals_list RBRACKET  (44)

	SEMI  shift 73
	COMMA  shift 74
	.  error


state 33
	vdecl : dict_decl_prefix . SEMI  (21)
	dict_decl_prefix : dict_decl_prefix . COMMA DICT LT data_type COMMA data_type GT ID  (47)

	SEMI  shift 75
	COMMA  shift 76
	.  error


state 34
	prim_decl_prefix : prim_type . ID  (30)
	prim_decl_prefix : prim_type . ID ASSIGN expr  (31)

	ID  shift 77
	.  error


state 35
	stmt : edge_op . SEMI  (59)

	SEMI  shift 78
	.  error


state 36
	expr : ID . LBRACKET expr RBRACKET  (70)
	expr : ID .  (71)
	expr : ID . ASSIGN expr  (84)
	expr : ID . LPAREN actuals_opt RPAREN  (85)
	expr : ID . DOT ID  (86)
	expr : ID . DOT ID LPAREN actuals_opt RPAREN  (87)

	LPAREN  shift 48
	LBRACKET  shift 79
	DOT  shift 50
	ASSIGN  shift 51
	SEMI  reduce 71
	RPAREN  reduce 71
	RBRACE  reduce 71
	RBRACKET  reduce 71
	COMMA  reduce 71
	PLUS  reduce 71
	MINUS  reduce 71
	TIMES  reduce 71
	DIVIDE  reduce 71
	EQ  reduce 71
	NEQ  reduce 71
	LT  reduce 71
	LEQ  reduce 71
	GT  reduce 71
	GEQ  reduce 71
	LOGAND  reduce 71
	LOGOR  reduce 71


state 37
	expr : expr . PLUS expr  (72)
	expr : expr . MINUS expr  (73)
	expr : expr . TIMES expr  (74)
	expr : expr . DIVIDE expr  (75)
	expr : expr . EQ expr  (76)
	expr : expr . NEQ expr  (77)
	expr : expr . LT expr  (78)
	expr : expr . LEQ expr  (79)
	expr : expr . GT expr  (80)
	expr : expr . GEQ expr  (81)
	expr : expr . LOGAND expr  (82)
	expr : expr . LOGOR expr  (83)
	expr : LPAREN expr . RPAREN  (88)

	RPAREN  shift 80
	PLUS  shift 55
	MINUS  shift 56
	TIMES  shift 57
	DIVIDE  shift 58
	EQ  shift 59
	NEQ  shift 60
	LT  shift 61
	LEQ  shift 62
	GT  shift 63
	GEQ  shift 64
	LOGAND  shift 65
	LOGOR  shift 66
	.  error


state 38
	stmt_list : stmt_list . stmt  (57)
	stmt : LBRACE stmt_list . RBRACE  (61)

	LPAREN  shift 5
	LBRACE  shift 6
	RBRACE  shift 81
	RETURN  shift 7
	IF  shift 8
	FOR  shift 9
	WHILE  shift 10
	TRUE  shift 19
	FALSE  shift 20
	INF  shift 21
	LITERAL  shift 22
	ID  shift 23
	.  error

	stmt  goto 82
	expr  goto 28
	edge_op  goto 35


state 39
	stmt : RETURN expr . SEMI  (60)
	expr : expr . PLUS expr  (72)
	expr : expr . MINUS expr  (73)
	expr : expr . TIMES expr  (74)
	expr : expr . DIVIDE expr  (75)
	expr : expr . EQ expr  (76)
	expr : expr . NEQ expr  (77)
	expr : expr . LT expr  (78)
	expr : expr . LEQ expr  (79)
	expr : expr . GT expr  (80)
	expr : expr . GEQ expr  (81)
	expr : expr . LOGAND expr  (82)
	expr : expr . LOGOR expr  (83)

	SEMI  shift 83
	PLUS  shift 55
	MINUS  shift 56
	TIMES  shift 57
	DIVIDE  shift 58
	EQ  shift 59
	NEQ  shift 60
	LT  shift 61
	LEQ  shift 62
	GT  shift 63
	GEQ  shift 64
	LOGAND  shift 65
	LOGOR  shift 66
	.  error


state 40
	stmt : IF LPAREN . expr RPAREN stmt  (62)
	stmt : IF LPAREN . expr RPAREN stmt ELSE stmt  (63)

	LPAREN  shift 5
	TRUE  shift 19
	FALSE  shift 20
	INF  shift 21
	LITERAL  shift 22
	ID  shift 36
	.  error

	expr  goto 84


state 41
	stmt : FOR LPAREN . ID IN ID RPAREN LBRACE vdecl_list stmt_list RBRACE  (64)

	ID  shift 85
	.  error


state 42
	stmt : WHILE LPAREN . expr RPAREN LBRACE vdecl_list stmt_list RBRACE  (65)

	LPAREN  shift 5
	TRUE  shift 19
	FALSE  shift 20
	INF  shift 21
	LITERAL  shift 22
	ID  shift 36
	.  error

	expr  goto 86


state 43
	fdecl : DEF ID . ID LPAREN formals_opt RPAREN LBRACE vdecl_list stmt_list RBRACE  (6)

	ID  shift 87
	.  error


state 44
	node_decl_prefix : NODE ID .  (34)
	node_decl_prefix : NODE ID . LPAREN expr RPAREN  (35)

	LPAREN  shift 88
	SEMI  reduce 34
	COMMA  reduce 34


state 45
	graph_decl_prefix : GRAPH ID .  (38)
	graph_decl_prefix : GRAPH ID . ASSIGN LBRACE edge_op_list RBRACE  (39)

	ASSIGN  shift 89
	SEMI  reduce 38
	COMMA  reduce 38


state 46
	list_decl_prefix : LIST LT . data_type GT ID  (41)
	list_decl_prefix : LIST LT . data_type GT ID ASSIGN LBRACKET actuals_list RBRACKET  (42)

	BOOL  shift 12
	NUM  shift 13
	STRING  shift 14
	NODE  shift 90
	GRAPH  shift 91
	LIST  shift 92
	DICT  shift 93
	.  error

	prim_type  goto 94
	data_type  goto 95


state 47
	dict_decl_prefix : DICT LT . data_type COMMA data_type GT ID  (45)
	dict_decl_prefix : DICT LT . data_type COMMA data_type GT ID ASSIGN LBRACE dict_formal_list RBRACE  (46)

	BOOL  shift 12
	NUM  shift 13
	STRING  shift 14
	NODE  shift 90
	GRAPH  shift 91
	LIST  shift 92
	DICT  shift 93
	.  error

	prim_type  goto 94
	data_type  goto 96


state 48
	expr : ID LPAREN . actuals_opt RPAREN  (85)
	actuals_opt : .  (89)

	LPAREN  shift 5
	TRUE  shift 19
	FALSE  shift 20
	INF  shift 21
	LITERAL  shift 22
	ID  shift 36
	RPAREN  reduce 89

	expr  goto 97
	actuals_list  goto 98
	actuals_opt  goto 99


state 49
	edge_op : ID LBRACKET . expr RBRACKET UEDGE LBRACKET expr RBRACKET ID  (55)
	expr : ID LBRACKET . expr RBRACKET  (70)

	LPAREN  shift 5
	TRUE  shift 19
	FALSE  shift 20
	INF  shift 21
	LITERAL  shift 22
	ID  shift 36
	.  error

	expr  goto 100


state 50
	expr : ID DOT . ID  (86)
	expr : ID DOT . ID LPAREN actuals_opt RPAREN  (87)

	ID  shift 101
	.  error


state 51
	expr : ID ASSIGN . expr  (84)

	LPAREN  shift 5
	TRUE  shift 19
	FALSE  shift 20
	INF  shift 21
	LITERAL  shift 22
	ID  shift 36
	.  error

	expr  goto 102


state 52
	edge_op : ID UEDGE . ID  (51)
	edge_op : ID UEDGE . LBRACKET expr RBRACKET ID  (54)

	LBRACKET  shift 103
	ID  shift 104
	.  error


state 53
	edge_op : ID REDGE . ID  (52)
	edge_op : ID REDGE . LBRACKET expr RBRACKET ID  (53)

	LBRACKET  shift 105
	ID  shift 106
	.  error


state 54
	stmt : expr SEMI .  (58)

	.  reduce 58


state 55
	expr : expr PLUS . expr  (72)

	LPAREN  shift 5
	TRUE  shift 19
	FALSE  shift 20
	INF  shift 21
	LITERAL  shift 22
	ID  shift 36
	.  error

	expr  goto 107


state 56
	expr : expr MINUS . expr  (73)

	LPAREN  shift 5
	TRUE  shift 19
	FALSE  shift 20
	INF  shift 21
	LITERAL  shift 22
	ID  shift 36
	.  error

	expr  goto 108


state 57
	expr : expr TIMES . expr  (74)

	LPAREN  shift 5
	TRUE  shift 19
	FALSE  shift 20
	INF  shift 21
	LITERAL  shift 22
	ID  shift 36
	.  error

	expr  goto 109


state 58
	expr : expr DIVIDE . expr  (75)

	LPAREN  shift 5
	TRUE  shift 19
	FALSE  shift 20
	INF  shift 21
	LITERAL  shift 22
	ID  shift 36
	.  error

	expr  goto 110


state 59
	expr : expr EQ . expr  (76)

	LPAREN  shift 5
	TRUE  shift 19
	FALSE  shift 20
	INF  shift 21
	LITERAL  shift 22
	ID  shift 36
	.  error

	expr  goto 111


state 60
	expr : expr NEQ . expr  (77)

	LPAREN  shift 5
	TRUE  shift 19
	FALSE  shift 20
	INF  shift 21
	LITERAL  shift 22
	ID  shift 36
	.  error

	expr  goto 112


state 61
	expr : expr LT . expr  (78)

	LPAREN  shift 5
	TRUE  shift 19
	FALSE  shift 20
	INF  shift 21
	LITERAL  shift 22
	ID  shift 36
	.  error

	expr  goto 113


state 62
	expr : expr LEQ . expr  (79)

	LPAREN  shift 5
	TRUE  shift 19
	FALSE  shift 20
	INF  shift 21
	LITERAL  shift 22
	ID  shift 36
	.  error

	expr  goto 114


state 63
	expr : expr GT . expr  (80)

	LPAREN  shift 5
	TRUE  shift 19
	FALSE  shift 20
	INF  shift 21
	LITERAL  shift 22
	ID  shift 36
	.  error

	expr  goto 115


state 64
	expr : expr GEQ . expr  (81)

	LPAREN  shift 5
	TRUE  shift 19
	FALSE  shift 20
	INF  shift 21
	LITERAL  shift 22
	ID  shift 36
	.  error

	expr  goto 116


state 65
	expr : expr LOGAND . expr  (82)

	LPAREN  shift 5
	TRUE  shift 19
	FALSE  shift 20
	INF  shift 21
	LITERAL  shift 22
	ID  shift 36
	.  error

	expr  goto 117


state 66
	expr : expr LOGOR . expr  (83)

	LPAREN  shift 5
	TRUE  shift 19
	FALSE  shift 20
	INF  shift 21
	LITERAL  shift 22
	ID  shift 36
	.  error

	expr  goto 118


state 67
	vdecl : prim_decl_prefix SEMI .  (17)

	.  reduce 17


state 68
	prim_decl_prefix : prim_decl_prefix COMMA . ID ASSIGN expr  (32)
	prim_decl_prefix : prim_decl_prefix COMMA . ID  (33)

	ID  shift 119
	.  error


state 69
	vdecl : node_decl_prefix SEMI .  (18)

	.  reduce 18


state 70
	node_decl_prefix : node_decl_prefix COMMA . ID LPAREN expr RPAREN  (36)
	node_decl_prefix : node_decl_prefix COMMA . ID  (37)

	ID  shift 120
	.  error


state 71
	vdecl : graph_decl_prefix SEMI .  (19)

	.  reduce 19


state 72
	graph_decl_prefix : graph_decl_prefix COMMA . ID  (40)

	ID  shift 121
	.  error


state 73
	vdecl : list_decl_prefix SEMI .  (20)

	.  reduce 20


state 74
	list_decl_prefix : list_decl_prefix COMMA . LT data_type GT ID  (43)
	list_decl_prefix : list_decl_prefix COMMA . LT data_type GT ID ASSIGN LBRACKET actuals_list RBRACKET  (44)

	LT  shift 122
	.  error


state 75
	vdecl : dict_decl_prefix SEMI .  (21)

	.  reduce 21


state 76
	dict_decl_prefix : dict_decl_prefix COMMA . DICT LT data_type COMMA data_type GT ID  (47)

	DICT  shift 123
	.  error


state 77
	prim_decl_prefix : prim_type ID .  (30)
	prim_decl_prefix : prim_type ID . ASSIGN expr  (31)

	ASSIGN  shift 124
	SEMI  reduce 30
	COMMA  reduce 30


state 78
	stmt : edge_op SEMI .  (59)

	.  reduce 59


state 79
	expr : ID LBRACKET . expr RBRACKET  (70)

	LPAREN  shift 5
	TRUE  shift 19
	FALSE  shift 20
	INF  shift 21
	LITERAL  shift 22
	ID  shift 36
	.  error

	expr  goto 125


state 80
	expr : LPAREN expr RPAREN .  (88)

	.  reduce 88


state 81
	stmt : LBRACE stmt_list RBRACE .  (61)

	.  reduce 61


state 82
	stmt_list : stmt_list stmt .  (57)

	.  reduce 57


state 83
	stmt : RETURN expr SEMI .  (60)

	.  reduce 60


state 84
	stmt : IF LPAREN expr . RPAREN stmt  (62)
	stmt : IF LPAREN expr . RPAREN stmt ELSE stmt  (63)
	expr : expr . PLUS expr  (72)
	expr : expr . MINUS expr  (73)
	expr : expr . TIMES expr  (74)
	expr : expr . DIVIDE expr  (75)
	expr : expr . EQ expr  (76)
	expr : expr . NEQ expr  (77)
	expr : expr . LT expr  (78)
	expr : expr . LEQ expr  (79)
	expr : expr . GT expr  (80)
	expr : expr . GEQ expr  (81)
	expr : expr . LOGAND expr  (82)
	expr : expr . LOGOR expr  (83)

	RPAREN  shift 126
	PLUS  shift 55
	MINUS  shift 56
	TIMES  shift 57
	DIVIDE  shift 58
	EQ  shift 59
	NEQ  shift 60
	LT  shift 61
	LEQ  shift 62
	GT  shift 63
	GEQ  shift 64
	LOGAND  shift 65
	LOGOR  shift 66
	.  error


state 85
	stmt : FOR LPAREN ID . IN ID RPAREN LBRACE vdecl_list stmt_list RBRACE  (64)

	IN  shift 127
	.  error


state 86
	stmt : WHILE LPAREN expr . RPAREN LBRACE vdecl_list stmt_list RBRACE  (65)
	expr : expr . PLUS expr  (72)
	expr : expr . MINUS expr  (73)
	expr : expr . TIMES expr  (74)
	expr : expr . DIVIDE expr  (75)
	expr : expr . EQ expr  (76)
	expr : expr . NEQ expr  (77)
	expr : expr . LT expr  (78)
	expr : expr . LEQ expr  (79)
	expr : expr . GT expr  (80)
	expr : expr . GEQ expr  (81)
	expr : expr . LOGAND expr  (82)
	expr : expr . LOGOR expr  (83)

	RPAREN  shift 128
	PLUS  shift 55
	MINUS  shift 56
	TIMES  shift 57
	DIVIDE  shift 58
	EQ  shift 59
	NEQ  shift 60
	LT  shift 61
	LEQ  shift 62
	GT  shift 63
	GEQ  shift 64
	LOGAND  shift 65
	LOGOR  shift 66
	.  error


state 87
	fdecl : DEF ID ID . LPAREN formals_opt RPAREN LBRACE vdecl_list stmt_list RBRACE  (6)

	LPAREN  shift 129
	.  error


state 88
	node_decl_prefix : NODE ID LPAREN . expr RPAREN  (35)

	LPAREN  shift 5
	TRUE  shift 19
	FALSE  shift 20
	INF  shift 21
	LITERAL  shift 22
	ID  shift 36
	.  error

	expr  goto 130


state 89
	graph_decl_prefix : GRAPH ID ASSIGN . LBRACE edge_op_list RBRACE  (39)

	LBRACE  shift 131
	.  error


state 90
	data_type : NODE .  (28)

	.  reduce 28


state 91
	data_type : GRAPH .  (29)

	.  reduce 29


state 92
	data_type : LIST .  (27)

	.  reduce 27


state 93
	data_type : DICT .  (26)

	.  reduce 26


state 94
	data_type : prim_type .  (25)

	.  reduce 25


state 95
	list_decl_prefix : LIST LT data_type . GT ID  (41)
	list_decl_prefix : LIST LT data_type . GT ID ASSIGN LBRACKET actuals_list RBRACKET  (42)

	GT  shift 132
	.  error


state 96
	dict_decl_prefix : DICT LT data_type . COMMA data_type GT ID  (45)
	dict_decl_prefix : DICT LT data_type . COMMA data_type GT ID ASSIGN LBRACE dict_formal_list RBRACE  (46)

	COMMA  shift 133
	.  error


state 97
	expr : expr . PLUS expr  (72)
	expr : expr . MINUS expr  (73)
	expr : expr . TIMES expr  (74)
	expr : expr . DIVIDE expr  (75)
	expr : expr . EQ expr  (76)
	expr : expr . NEQ expr  (77)
	expr : expr . LT expr  (78)
	expr : expr . LEQ expr  (79)
	expr : expr . GT expr  (80)
	expr : expr . GEQ expr  (81)
	expr : expr . LOGAND expr  (82)
	expr : expr . LOGOR expr  (83)
	actuals_list : expr .  (91)

	PLUS  shift 55
	MINUS  shift 56
	TIMES  shift 57
	DIVIDE  shift 58
	EQ  shift 59
	NEQ  shift 60
	LT  shift 61
	LEQ  shift 62
	GT  shift 63
	GEQ  shift 64
	LOGAND  shift 65
	LOGOR  shift 66
	RPAREN  reduce 91
	RBRACKET  reduce 91
	COMMA  reduce 91


state 98
	actuals_opt : actuals_list .  (90)
	actuals_list : actuals_list . COMMA expr  (92)

	COMMA  shift 134
	RPAREN  reduce 90


state 99
	expr : ID LPAREN actuals_opt . RPAREN  (85)

	RPAREN  shift 135
	.  error


state 100
	edge_op : ID LBRACKET expr . RBRACKET UEDGE LBRACKET expr RBRACKET ID  (55)
	expr : ID LBRACKET expr . RBRACKET  (70)
	expr : expr . PLUS expr  (72)
	expr : expr . MINUS expr  (73)
	expr : expr . TIMES expr  (74)
	expr : expr . DIVIDE expr  (75)
	expr : expr . EQ expr  (76)
	expr : expr . NEQ expr  (77)
	expr : expr . LT expr  (78)
	expr : expr . LEQ expr  (79)
	expr : expr . GT expr  (80)
	expr : expr . GEQ expr  (81)
	expr : expr . LOGAND expr  (82)
	expr : expr . LOGOR expr  (83)

	RBRACKET  shift 136
	PLUS  shift 55
	MINUS  shift 56
	TIMES  shift 57
	DIVIDE  shift 58
	EQ  shift 59
	NEQ  shift 60
	LT  shift 61
	LEQ  shift 62
	GT  shift 63
	GEQ  shift 64
	LOGAND  shift 65
	LOGOR  shift 66
	.  error


state 101
	expr : ID DOT ID .  (86)
	expr : ID DOT ID . LPAREN actuals_opt RPAREN  (87)

	LPAREN  shift 137
	SEMI  reduce 86
	RPAREN  reduce 86
	RBRACE  reduce 86
	RBRACKET  reduce 86
	COMMA  reduce 86
	PLUS  reduce 86
	MINUS  reduce 86
	TIMES  reduce 86
	DIVIDE  reduce 86
	EQ  reduce 86
	NEQ  reduce 86
	LT  reduce 86
	LEQ  reduce 86
	GT  reduce 86
	GEQ  reduce 86
	LOGAND  reduce 86
	LOGOR  reduce 86


state 102
	expr : expr . PLUS expr  (72)
	expr : expr . MINUS expr  (73)
	expr : expr . TIMES expr  (74)
	expr : expr . DIVIDE expr  (75)
	expr : expr . EQ expr  (76)
	expr : expr . NEQ expr  (77)
	expr : expr . LT expr  (78)
	expr : expr . LEQ expr  (79)
	expr : expr . GT expr  (80)
	expr : expr . GEQ expr  (81)
	expr : expr . LOGAND expr  (82)
	expr : expr . LOGOR expr  (83)
	expr : ID ASSIGN expr .  (84)

	PLUS  shift 55
	MINUS  shift 56
	TIMES  shift 57
	DIVIDE  shift 58
	EQ  shift 59
	NEQ  shift 60
	LT  shift 61
	LEQ  shift 62
	GT  shift 63
	GEQ  shift 64
	LOGAND  shift 65
	LOGOR  shift 66
	SEMI  reduce 84
	RPAREN  reduce 84
	RBRACE  reduce 84
	RBRACKET  reduce 84
	COMMA  reduce 84


state 103
	edge_op : ID UEDGE LBRACKET . expr RBRACKET ID  (54)

	LPAREN  shift 5
	TRUE  shift 19
	FALSE  shift 20
	INF  shift 21
	LITERAL  shift 22
	ID  shift 36
	.  error

	expr  goto 138


state 104
	edge_op : ID UEDGE ID .  (51)

	.  reduce 51


state 105
	edge_op : ID REDGE LBRACKET . expr RBRACKET ID  (53)

	LPAREN  shift 5
	TRUE  shift 19
	FALSE  shift 20
	INF  shift 21
	LITERAL  shift 22
	ID  shift 36
	.  error

	expr  goto 139


state 106
	edge_op : ID REDGE ID .  (52)

	.  reduce 52


state 107
	expr : expr . PLUS expr  (72)
	expr : expr PLUS expr .  (72)
	expr : expr . MINUS expr  (73)
	expr : expr . TIMES expr  (74)
	expr : expr . DIVIDE expr  (75)
	expr : expr . EQ expr  (76)
	expr : expr . NEQ expr  (77)
	expr : expr . LT expr  (78)
	expr : expr . LEQ expr  (79)
	expr : expr . GT expr  (80)
	expr : expr . GEQ expr  (81)
	expr : expr . LOGAND expr  (82)
	expr : expr . LOGOR expr  (83)

	TIMES  shift 57
	DIVIDE  shift 58
	SEMI  reduce 72
	RPAREN  reduce 72
	RBRACE  reduce 72
	RBRACKET  reduce 72
	COMMA  reduce 72
	PLUS  reduce 72
	MINUS  reduce 72
	EQ  reduce 72
	NEQ  reduce 72
	LT  reduce 72
	LEQ  reduce 72
	GT  reduce 72
	GEQ  reduce 72
	LOGAND  reduce 72
	LOGOR  reduce 72


state 108
	expr : expr . PLUS expr  (72)
	expr : expr . MINUS expr  (73)
	expr : expr MINUS expr .  (73)
	expr : expr . TIMES expr  (74)
	expr : expr . DIVIDE expr  (75)
	expr : expr . EQ expr  (76)
	expr : expr . NEQ expr  (77)
	expr : expr . LT expr  (78)
	expr : expr . LEQ expr  (79)
	expr : expr . GT expr  (80)
	expr : expr . GEQ expr  (81)
	expr : expr . LOGAND expr  (82)
	expr : expr . LOGOR expr  (83)

	TIMES  shift 57
	DIVIDE  shift 58
	SEMI  reduce 73
	RPAREN  reduce 73
	RBRACE  reduce 73
	RBRACKET  reduce 73
	COMMA  reduce 73
	PLUS  reduce 73
	MINUS  reduce 73
	EQ  reduce 73
	NEQ  reduce 73
	LT  reduce 73
	LEQ  reduce 73
	GT  reduce 73
	GEQ  reduce 73
	LOGAND  reduce 73
	LOGOR  reduce 73


state 109
	expr : expr . PLUS expr  (72)
	expr : expr . MINUS expr  (73)
	expr : expr . TIMES expr  (74)
	expr : expr TIMES expr .  (74)
	expr : expr . DIVIDE expr  (75)
	expr : expr . EQ expr  (76)
	expr : expr . NEQ expr  (77)
	expr : expr . LT expr  (78)
	expr : expr . LEQ expr  (79)
	expr : expr . GT expr  (80)
	expr : expr . GEQ expr  (81)
	expr : expr . LOGAND expr  (82)
	expr : expr . LOGOR expr  (83)

	.  reduce 74


state 110
	expr : expr . PLUS expr  (72)
	expr : expr . MINUS expr  (73)
	expr : expr . TIMES expr  (74)
	expr : expr . DIVIDE expr  (75)
	expr : expr DIVIDE expr .  (75)
	expr : expr . EQ expr  (76)
	expr : expr . NEQ expr  (77)
	expr : expr . LT expr  (78)
	expr : expr . LEQ expr  (79)
	expr : expr . GT expr  (80)
	expr : expr . GEQ expr  (81)
	expr : expr . LOGAND expr  (82)
	expr : expr . LOGOR expr  (83)

	.  reduce 75


state 111
	expr : expr . PLUS expr  (72)
	expr : expr . MINUS expr  (73)
	expr : expr . TIMES expr  (74)
	expr : expr . DIVIDE expr  (75)
	expr : expr . EQ expr  (76)
	expr : expr EQ expr .  (76)
	expr : expr . NEQ expr  (77)
	expr : expr . LT expr  (78)
	expr : expr . LEQ expr  (79)
	expr : expr . GT expr  (80)
	expr : expr . GEQ expr  (81)
	expr : expr . LOGAND expr  (82)
	expr : expr . LOGOR expr  (83)

	PLUS  shift 55
	MINUS  shift 56
	TIMES  shift 57
	DIVIDE  shift 58
	LT  shift 61
	LEQ  shift 62
	GT  shift 63
	GEQ  shift 64
	SEMI  reduce 76
	RPAREN  reduce 76
	RBRACE  reduce 76
	RBRACKET  reduce 76
	COMMA  reduce 76
	EQ  reduce 76
	NEQ  reduce 76
	LOGAND  reduce 76
	LOGOR  reduce 76


state 112
	expr : expr . PLUS expr  (72)
	expr : expr . MINUS expr  (73)
	expr : expr . TIMES expr  (74)
	expr : expr . DIVIDE expr  (75)
	expr : expr . EQ expr  (76)
	expr : expr . NEQ expr  (77)
	expr : expr NEQ expr .  (77)
	expr : expr . LT expr  (78)
	expr : expr . LEQ expr  (79)
	expr : expr . GT expr  (80)
	expr : expr . GEQ expr  (81)
	expr : expr . LOGAND expr  (82)
	expr : expr . LOGOR expr  (83)

	PLUS  shift 55
	MINUS  shift 56
	TIMES  shift 57
	DIVIDE  shift 58
	LT  shift 61
	LEQ  shift 62
	GT  shift 63
	GEQ  shift 64
	SEMI  reduce 77
	RPAREN  reduce 77
	RBRACE  reduce 77
	RBRACKET  reduce 77
	COMMA  reduce 77
	EQ  reduce 77
	NEQ  reduce 77
	LOGAND  reduce 77
	LOGOR  reduce 77


state 113
	expr : expr . PLUS expr  (72)
	expr : expr . MINUS expr  (73)
	expr : expr . TIMES expr  (74)
	expr : expr . DIVIDE expr  (75)
	expr : expr . EQ expr  (76)
	expr : expr . NEQ expr  (77)
	expr : expr . LT expr  (78)
	expr : expr LT expr .  (78)
	expr : expr . LEQ expr  (79)
	expr : expr . GT expr  (80)
	expr : expr . GEQ expr  (81)
	expr : expr . LOGAND expr  (82)
	expr : expr . LOGOR expr  (83)

	PLUS  shift 55
	MINUS  shift 56
	TIMES  shift 57
	DIVIDE  shift 58
	SEMI  reduce 78
	RPAREN  reduce 78
	RBRACE  reduce 78
	RBRACKET  reduce 78
	COMMA  reduce 78
	EQ  reduce 78
	NEQ  reduce 78
	LT  reduce 78
	LEQ  reduce 78
	GT  reduce 78
	GEQ  reduce 78
	LOGAND  reduce 78
	LOGOR  reduce 78


state 114
	expr : expr . PLUS expr  (72)
	expr : expr . MINUS expr  (73)
	expr : expr . TIMES expr  (74)
	expr : expr . DIVIDE expr  (75)
	expr : expr . EQ expr  (76)
	expr : expr . NEQ expr  (77)
	expr : expr . LT expr  (78)
	expr : expr . LEQ expr  (79)
	expr : expr LEQ expr .  (79)
	expr : expr . GT expr  (80)
	expr : expr . GEQ expr  (81)
	expr : expr . LOGAND expr  (82)
	expr : expr . LOGOR expr  (83)

	PLUS  shift 55
	MINUS  shift 56
	TIMES  shift 57
	DIVIDE  shift 58
	SEMI  reduce 79
	RPAREN  reduce 79
	RBRACE  reduce 79
	RBRACKET  reduce 79
	COMMA  reduce 79
	EQ  reduce 79
	NEQ  reduce 79
	LT  reduce 79
	LEQ  reduce 79
	GT  reduce 79
	GEQ  reduce 79
	LOGAND  reduce 79
	LOGOR  reduce 79


state 115
	expr : expr . PLUS expr  (72)
	expr : expr . MINUS expr  (73)
	expr : expr . TIMES expr  (74)
	expr : expr . DIVIDE expr  (75)
	expr : expr . EQ expr  (76)
	expr : expr . NEQ expr  (77)
	expr : expr . LT expr  (78)
	expr : expr . LEQ expr  (79)
	expr : expr . GT expr  (80)
	expr : expr GT expr .  (80)
	expr : expr . GEQ expr  (81)
	expr : expr . LOGAND expr  (82)
	expr : expr . LOGOR expr  (83)

	PLUS  shift 55
	MINUS  shift 56
	TIMES  shift 57
	DIVIDE  shift 58
	SEMI  reduce 80
	RPAREN  reduce 80
	RBRACE  reduce 80
	RBRACKET  reduce 80
	COMMA  reduce 80
	EQ  reduce 80
	NEQ  reduce 80
	LT  reduce 80
	LEQ  reduce 80
	GT  reduce 80
	GEQ  reduce 80
	LOGAND  reduce 80
	LOGOR  reduce 80


state 116
	expr : expr . PLUS expr  (72)
	expr : expr . MINUS expr  (73)
	expr : expr . TIMES expr  (74)
	expr : expr . DIVIDE expr  (75)
	expr : expr . EQ expr  (76)
	expr : expr . NEQ expr  (77)
	expr : expr . LT expr  (78)
	expr : expr . LEQ expr  (79)
	expr : expr . GT expr  (80)
	expr : expr . GEQ expr  (81)
	expr : expr GEQ expr .  (81)
	expr : expr . LOGAND expr  (82)
	expr : expr . LOGOR expr  (83)

	PLUS  shift 55
	MINUS  shift 56
	TIMES  shift 57
	DIVIDE  shift 58
	SEMI  reduce 81
	RPAREN  reduce 81
	RBRACE  reduce 81
	RBRACKET  reduce 81
	COMMA  reduce 81
	EQ  reduce 81
	NEQ  reduce 81
	LT  reduce 81
	LEQ  reduce 81
	GT  reduce 81
	GEQ  reduce 81
	LOGAND  reduce 81
	LOGOR  reduce 81


state 117
	expr : expr . PLUS expr  (72)
	expr : expr . MINUS expr  (73)
	expr : expr . TIMES expr  (74)
	expr : expr . DIVIDE expr  (75)
	expr : expr . EQ expr  (76)
	expr : expr . NEQ expr  (77)
	expr : expr . LT expr  (78)
	expr : expr . LEQ expr  (79)
	expr : expr . GT expr  (80)
	expr : expr . GEQ expr  (81)
	expr : expr . LOGAND expr  (82)
	expr : expr LOGAND expr .  (82)
	expr : expr . LOGOR expr  (83)

	PLUS  shift 55
	MINUS  shift 56
	TIMES  shift 57
	DIVIDE  shift 58
	EQ  shift 59
	NEQ  shift 60
	LT  shift 61
	LEQ  shift 62
	GT  shift 63
	GEQ  shift 64
	SEMI  reduce 82
	RPAREN  reduce 82
	RBRACE  reduce 82
	RBRACKET  reduce 82
	COMMA  reduce 82
	LOGAND  reduce 82
	LOGOR  reduce 82


state 118
	expr : expr . PLUS expr  (72)
	expr : expr . MINUS expr  (73)
	expr : expr . TIMES expr  (74)
	expr : expr . DIVIDE expr  (75)
	expr : expr . EQ expr  (76)
	expr : expr . NEQ expr  (77)
	expr : expr . LT expr  (78)
	expr : expr . LEQ expr  (79)
	expr : expr . GT expr  (80)
	expr : expr . GEQ expr  (81)
	expr : expr . LOGAND expr  (82)
	expr : expr . LOGOR expr  (83)
	expr : expr LOGOR expr .  (83)

	PLUS  shift 55
	MINUS  shift 56
	TIMES  shift 57
	DIVIDE  shift 58
	EQ  shift 59
	NEQ  shift 60
	LT  shift 61
	LEQ  shift 62
	GT  shift 63
	GEQ  shift 64
	LOGAND  shift 65
	SEMI  reduce 83
	RPAREN  reduce 83
	RBRACE  reduce 83
	RBRACKET  reduce 83
	COMMA  reduce 83
	LOGOR  reduce 83


state 119
	prim_decl_prefix : prim_decl_prefix COMMA ID . ASSIGN expr  (32)
	prim_decl_prefix : prim_decl_prefix COMMA ID .  (33)

	ASSIGN  shift 140
	SEMI  reduce 33
	COMMA  reduce 33


state 120
	node_decl_prefix : node_decl_prefix COMMA ID . LPAREN expr RPAREN  (36)
	node_decl_prefix : node_decl_prefix COMMA ID .  (37)

	LPAREN  shift 141
	SEMI  reduce 37
	COMMA  reduce 37


state 121
	graph_decl_prefix : graph_decl_prefix COMMA ID .  (40)

	.  reduce 40


state 122
	list_decl_prefix : list_decl_prefix COMMA LT . data_type GT ID  (43)
	list_decl_prefix : list_decl_prefix COMMA LT . data_type GT ID ASSIGN LBRACKET actuals_list RBRACKET  (44)

	BOOL  shift 12
	NUM  shift 13
	STRING  shift 14
	NODE  shift 90
	GRAPH  shift 91
	LIST  shift 92
	DICT  shift 93
	.  error

	prim_type  goto 94
	data_type  goto 142


state 123
	dict_decl_prefix : dict_decl_prefix COMMA DICT . LT data_type COMMA data_type GT ID  (47)

	LT  shift 143
	.  error


state 124
	prim_decl_prefix : prim_type ID ASSIGN . expr  (31)

	LPAREN  shift 5
	TRUE  shift 19
	FALSE  shift 20
	INF  shift 21
	LITERAL  shift 22
	ID  shift 36
	.  error

	expr  goto 144


state 125
	expr : ID LBRACKET expr . RBRACKET  (70)
	expr : expr . PLUS expr  (72)
	expr : expr . MINUS expr  (73)
	expr : expr . TIMES expr  (74)
	expr : expr . DIVIDE expr  (75)
	expr : expr . EQ expr  (76)
	expr : expr . NEQ expr  (77)
	expr : expr . LT expr  (78)
	expr : expr . LEQ expr  (79)
	expr : expr . GT expr  (80)
	expr : expr . GEQ expr  (81)
	expr : expr . LOGAND expr  (82)
	expr : expr . LOGOR expr  (83)

	RBRACKET  shift 145
	PLUS  shift 55
	MINUS  shift 56
	TIMES  shift 57
	DIVIDE  shift 58
	EQ  shift 59
	NEQ  shift 60
	LT  shift 61
	LEQ  shift 62
	GT  shift 63
	GEQ  shift 64
	LOGAND  shift 65
	LOGOR  shift 66
	.  error


state 126
	stmt : IF LPAREN expr RPAREN . stmt  (62)
	stmt : IF LPAREN expr RPAREN . stmt ELSE stmt  (63)

	LPAREN  shift 5
	LBRACE  shift 6
	RETURN  shift 7
	IF  shift 8
	FOR  shift 9
	WHILE  shift 10
	TRUE  shift 19
	FALSE  shift 20
	INF  shift 21
	LITERAL  shift 22
	ID  shift 23
	.  error

	stmt  goto 146
	expr  goto 28
	edge_op  goto 35


state 127
	stmt : FOR LPAREN ID IN . ID RPAREN LBRACE vdecl_list stmt_list RBRACE  (64)

	ID  shift 147
	.  error


state 128
	stmt : WHILE LPAREN expr RPAREN . LBRACE vdecl_list stmt_list RBRACE  (65)

	LBRACE  shift 148
	.  error


state 129
	fdecl : DEF ID ID LPAREN . formals_opt RPAREN LBRACE vdecl_list stmt_list RBRACE  (6)
	formals_opt : .  (7)

	ID  shift 149
	RPAREN  reduce 7

	formals_opt  goto 150
	formal_list  goto 151


state 130
	node_decl_prefix : NODE ID LPAREN expr . RPAREN  (35)
	expr : expr . PLUS expr  (72)
	expr : expr . MINUS expr  (73)
	expr : expr . TIMES expr  (74)
	expr : expr . DIVIDE expr  (75)
	expr : expr . EQ expr  (76)
	expr : expr . NEQ expr  (77)
	expr : expr . LT expr  (78)
	expr : expr . LEQ expr  (79)
	expr : expr . GT expr  (80)
	expr : expr . GEQ expr  (81)
	expr : expr . LOGAND expr  (82)
	expr : expr . LOGOR expr  (83)

	RPAREN  shift 152
	PLUS  shift 55
	MINUS  shift 56
	TIMES  shift 57
	DIVIDE  shift 58
	EQ  shift 59
	NEQ  shift 60
	LT  shift 61
	LEQ  shift 62
	GT  shift 63
	GEQ  shift 64
	LOGAND  shift 65
	LOGOR  shift 66
	.  error


state 131
	graph_decl_prefix : GRAPH ID ASSIGN LBRACE . edge_op_list RBRACE  (39)

	ID  shift 153
	.  error

	edge_op_list  goto 154
	edge_op  goto 155


state 132
	list_decl_prefix : LIST LT data_type GT . ID  (41)
	list_decl_prefix : LIST LT data_type GT . ID ASSIGN LBRACKET actuals_list RBRACKET  (42)

	ID  shift 156
	.  error


state 133
	dict_decl_prefix : DICT LT data_type COMMA . data_type GT ID  (45)
	dict_decl_prefix : DICT LT data_type COMMA . data_type GT ID ASSIGN LBRACE dict_formal_list RBRACE  (46)

	BOOL  shift 12
	NUM  shift 13
	STRING  shift 14
	NODE  shift 90
	GRAPH  shift 91
	LIST  shift 92
	DICT  shift 93
	.  error

	prim_type  goto 94
	data_type  goto 157


state 134
	actuals_list : actuals_list COMMA . expr  (92)

	LPAREN  shift 5
	TRUE  shift 19
	FALSE  shift 20
	INF  shift 21
	LITERAL  shift 22
	ID  shift 36
	.  error

	expr  goto 158


state 135
	expr : ID LPAREN actuals_opt RPAREN .  (85)

	.  reduce 85


state 136
	edge_op : ID LBRACKET expr RBRACKET . UEDGE LBRACKET expr RBRACKET ID  (55)
	expr : ID LBRACKET expr RBRACKET .  (70)

	UEDGE  shift 159
	SEMI  reduce 70
	PLUS  reduce 70
	MINUS  reduce 70
	TIMES  reduce 70
	DIVIDE  reduce 70
	EQ  reduce 70
	NEQ  reduce 70
	LT  reduce 70
	LEQ  reduce 70
	GT  reduce 70
	GEQ  reduce 70
	LOGAND  reduce 70
	LOGOR  reduce 70


state 137
	expr : ID DOT ID LPAREN . actuals_opt RPAREN  (87)
	actuals_opt : .  (89)

	LPAREN  shift 5
	TRUE  shift 19
	FALSE  shift 20
	INF  shift 21
	LITERAL  shift 22
	ID  shift 36
	RPAREN  reduce 89

	expr  goto 97
	actuals_list  goto 98
	actuals_opt  goto 160


state 138
	edge_op : ID UEDGE LBRACKET expr . RBRACKET ID  (54)
	expr : expr . PLUS expr  (72)
	expr : expr . MINUS expr  (73)
	expr : expr . TIMES expr  (74)
	expr : expr . DIVIDE expr  (75)
	expr : expr . EQ expr  (76)
	expr : expr . NEQ expr  (77)
	expr : expr . LT expr  (78)
	expr : expr . LEQ expr  (79)
	expr : expr . GT expr  (80)
	expr : expr . GEQ expr  (81)
	expr : expr . LOGAND expr  (82)
	expr : expr . LOGOR expr  (83)

	RBRACKET  shift 161
	PLUS  shift 55
	MINUS  shift 56
	TIMES  shift 57
	DIVIDE  shift 58
	EQ  shift 59
	NEQ  shift 60
	LT  shift 61
	LEQ  shift 62
	GT  shift 63
	GEQ  shift 64
	LOGAND  shift 65
	LOGOR  shift 66
	.  error


state 139
	edge_op : ID REDGE LBRACKET expr . RBRACKET ID  (53)
	expr : expr . PLUS expr  (72)
	expr : expr . MINUS expr  (73)
	expr : expr . TIMES expr  (74)
	expr : expr . DIVIDE expr  (75)
	expr : expr . EQ expr  (76)
	expr : expr . NEQ expr  (77)
	expr : expr . LT expr  (78)
	expr : expr . LEQ expr  (79)
	expr : expr . GT expr  (80)
	expr : expr . GEQ expr  (81)
	expr : expr . LOGAND expr  (82)
	expr : expr . LOGOR expr  (83)

	RBRACKET  shift 162
	PLUS  shift 55
	MINUS  shift 56
	TIMES  shift 57
	DIVIDE  shift 58
	EQ  shift 59
	NEQ  shift 60
	LT  shift 61
	LEQ  shift 62
	GT  shift 63
	GEQ  shift 64
	LOGAND  shift 65
	LOGOR  shift 66
	.  error


state 140
	prim_decl_prefix : prim_decl_prefix COMMA ID ASSIGN . expr  (32)

	LPAREN  shift 5
	TRUE  shift 19
	FALSE  shift 20
	INF  shift 21
	LITERAL  shift 22
	ID  shift 36
	.  error

	expr  goto 163


state 141
	node_decl_prefix : node_decl_prefix COMMA ID LPAREN . expr RPAREN  (36)

	LPAREN  shift 5
	TRUE  shift 19
	FALSE  shift 20
	INF  shift 21
	LITERAL  shift 22
	ID  shift 36
	.  error

	expr  goto 164


state 142
	list_decl_prefix : list_decl_prefix COMMA LT data_type . GT ID  (43)
	list_decl_prefix : list_decl_prefix COMMA LT data_type . GT ID ASSIGN LBRACKET actuals_list RBRACKET  (44)

	GT  shift 165
	.  error


state 143
	dict_decl_prefix : dict_decl_prefix COMMA DICT LT . data_type COMMA data_type GT ID  (47)

	BOOL  shift 12
	NUM  shift 13
	STRING  shift 14
	NODE  shift 90
	GRAPH  shift 91
	LIST  shift 92
	DICT  shift 93
	.  error

	prim_type  goto 94
	data_type  goto 166


state 144
	prim_decl_prefix : prim_type ID ASSIGN expr .  (31)
	expr : expr . PLUS expr  (72)
	expr : expr . MINUS expr  (73)
	expr : expr . TIMES expr  (74)
	expr : expr . DIVIDE expr  (75)
	expr : expr . EQ expr  (76)
	expr : expr . NEQ expr  (77)
	expr : expr . LT expr  (78)
	expr : expr . LEQ expr  (79)
	expr : expr . GT expr  (80)
	expr : expr . GEQ expr  (81)
	expr : expr . LOGAND expr  (82)
	expr : expr . LOGOR expr  (83)

	PLUS  shift 55
	MINUS  shift 56
	TIMES  shift 57
	DIVIDE  shift 58
	EQ  shift 59
	NEQ  shift 60
	LT  shift 61
	LEQ  shift 62
	GT  shift 63
	GEQ  shift 64
	LOGAND  shift 65
	LOGOR  shift 66
	SEMI  reduce 31
	COMMA  reduce 31


state 145
	expr : ID LBRACKET expr RBRACKET .  (70)

	.  reduce 70


state 146
	stmt : IF LPAREN expr RPAREN stmt .  (62)
	stmt : IF LPAREN expr RPAREN stmt . ELSE stmt  (63)

	ELSE  shift 167
	LPAREN  reduce 62
	LBRACE  reduce 62
	RBRACE  reduce 62
	RETURN  reduce 62
	IF  reduce 62
	FOR  reduce 62
	WHILE  reduce 62
	DEF  reduce 62
	BOOL  reduce 62
	NUM  reduce 62
	STRING  reduce 62
	NODE  reduce 62
	GRAPH  reduce 62
	LIST  reduce 62
	DICT  reduce 62
	TRUE  reduce 62
	FALSE  reduce 62
	INF  reduce 62
	LITERAL  reduce 62
	ID  reduce 62
	EOF  reduce 62


state 147
	stmt : FOR LPAREN ID IN ID . RPAREN LBRACE vdecl_list stmt_list RBRACE  (64)

	RPAREN  shift 168
	.  error


state 148
	stmt : WHILE LPAREN expr RPAREN LBRACE . vdecl_list stmt_list RBRACE  (65)
	vdecl_list : .  (15)

	.  reduce 15

	vdecl_list  goto 169


state 149
	formal_list : ID .  (9)

	.  reduce 9


state 150
	fdecl : DEF ID ID LPAREN formals_opt . RPAREN LBRACE vdecl_list stmt_list RBRACE  (6)

	RPAREN  shift 170
	.  error


state 151
	formals_opt : formal_list .  (8)
	formal_list : formal_list . COMMA ID  (10)

	COMMA  shift 171
	RPAREN  reduce 8


state 152
	node_decl_prefix : NODE ID LPAREN expr RPAREN .  (35)

	.  reduce 35


state 153
	edge_op : ID .  (50)
	edge_op : ID . UEDGE ID  (51)
	edge_op : ID . REDGE ID  (52)
	edge_op : ID . REDGE LBRACKET expr RBRACKET ID  (53)
	edge_op : ID . UEDGE LBRACKET expr RBRACKET ID  (54)
	edge_op : ID . LBRACKET expr RBRACKET UEDGE LBRACKET expr RBRACKET ID  (55)

	LBRACKET  shift 172
	UEDGE  shift 52
	REDGE  shift 53
	RBRACE  reduce 50
	COMMA  reduce 50


state 154
	graph_decl_prefix : GRAPH ID ASSIGN LBRACE edge_op_list . RBRACE  (39)
	edge_op_list : edge_op_list . COMMA edge_op  (49)

	RBRACE  shift 173
	COMMA  shift 174
	.  error


state 155
	edge_op_list : edge_op .  (48)

	.  reduce 48


state 156
	list_decl_prefix : LIST LT data_type GT ID .  (41)
	list_decl_prefix : LIST LT data_type GT ID . ASSIGN LBRACKET actuals_list RBRACKET  (42)

	ASSIGN  shift 175
	SEMI  reduce 41
	COMMA  reduce 41


state 157
	dict_decl_prefix : DICT LT data_type COMMA data_type . GT ID  (45)
	dict_decl_prefix : DICT LT data_type COMMA data_type . GT ID ASSIGN LBRACE dict_formal_list RBRACE  (46)

	GT  shift 176
	.  error


state 158
	expr : expr . PLUS expr  (72)
	expr : expr . MINUS expr  (73)
	expr : expr . TIMES expr  (74)
	expr : expr . DIVIDE expr  (75)
	expr : expr . EQ expr  (76)
	expr : expr . NEQ expr  (77)
	expr : expr . LT expr  (78)
	expr : expr . LEQ expr  (79)
	expr : expr . GT expr  (80)
	expr : expr . GEQ expr  (81)
	expr : expr . LOGAND expr  (82)
	expr : expr . LOGOR expr  (83)
	actuals_list : actuals_list COMMA expr .  (92)

	PLUS  shift 55
	MINUS  shift 56
	TIMES  shift 57
	DIVIDE  shift 58
	EQ  shift 59
	NEQ  shift 60
	LT  shift 61
	LEQ  shift 62
	GT  shift 63
	GEQ  shift 64
	LOGAND  shift 65
	LOGOR  shift 66
	RPAREN  reduce 92
	RBRACKET  reduce 92
	COMMA  reduce 92


state 159
	edge_op : ID LBRACKET expr RBRACKET UEDGE . LBRACKET expr RBRACKET ID  (55)

	LBRACKET  shift 177
	.  error


state 160
	expr : ID DOT ID LPAREN actuals_opt . RPAREN  (87)

	RPAREN  shift 178
	.  error


state 161
	edge_op : ID UEDGE LBRACKET expr RBRACKET . ID  (54)

	ID  shift 179
	.  error


state 162
	edge_op : ID REDGE LBRACKET expr RBRACKET . ID  (53)

	ID  shift 180
	.  error


state 163
	prim_decl_prefix : prim_decl_prefix COMMA ID ASSIGN expr .  (32)
	expr : expr . PLUS expr  (72)
	expr : expr . MINUS expr  (73)
	expr : expr . TIMES expr  (74)
	expr : expr . DIVIDE expr  (75)
	expr : expr . EQ expr  (76)
	expr : expr . NEQ expr  (77)
	expr : expr . LT expr  (78)
	expr : expr . LEQ expr  (79)
	expr : expr . GT expr  (80)
	expr : expr . GEQ expr  (81)
	expr : expr . LOGAND expr  (82)
	expr : expr . LOGOR expr  (83)

	PLUS  shift 55
	MINUS  shift 56
	TIMES  shift 57
	DIVIDE  shift 58
	EQ  shift 59
	NEQ  shift 60
	LT  shift 61
	LEQ  shift 62
	GT  shift 63
	GEQ  shift 64
	LOGAND  shift 65
	LOGOR  shift 66
	SEMI  reduce 32
	COMMA  reduce 32


state 164
	node_decl_prefix : node_decl_prefix COMMA ID LPAREN expr . RPAREN  (36)
	expr : expr . PLUS expr  (72)
	expr : expr . MINUS expr  (73)
	expr : expr . TIMES expr  (74)
	expr : expr . DIVIDE expr  (75)
	expr : expr . EQ expr  (76)
	expr : expr . NEQ expr  (77)
	expr : expr . LT expr  (78)
	expr : expr . LEQ expr  (79)
	expr : expr . GT expr  (80)
	expr : expr . GEQ expr  (81)
	expr : expr . LOGAND expr  (82)
	expr : expr . LOGOR expr  (83)

	RPAREN  shift 181
	PLUS  shift 55
	MINUS  shift 56
	TIMES  shift 57
	DIVIDE  shift 58
	EQ  shift 59
	NEQ  shift 60
	LT  shift 61
	LEQ  shift 62
	GT  shift 63
	GEQ  shift 64
	LOGAND  shift 65
	LOGOR  shift 66
	.  error


state 165
	list_decl_prefix : list_decl_prefix COMMA LT data_type GT . ID  (43)
	list_decl_prefix : list_decl_prefix COMMA LT data_type GT . ID ASSIGN LBRACKET actuals_list RBRACKET  (44)

	ID  shift 182
	.  error


state 166
	dict_decl_prefix : dict_decl_prefix COMMA DICT LT data_type . COMMA data_type GT ID  (47)

	COMMA  shift 183
	.  error


state 167
	stmt : IF LPAREN expr RPAREN stmt ELSE . stmt  (63)

	LPAREN  shift 5
	LBRACE  shift 6
	RETURN  shift 7
	IF  shift 8
	FOR  shift 9
	WHILE  shift 10
	TRUE  shift 19
	FALSE  shift 20
	INF  shift 21
	LITERAL  shift 22
	ID  shift 23
	.  error

	stmt  goto 184
	expr  goto 28
	edge_op  goto 35


state 168
	stmt : FOR LPAREN ID IN ID RPAREN . LBRACE vdecl_list stmt_list RBRACE  (64)

	LBRACE  shift 185
	.  error


state 169
	vdecl_list : vdecl_list . vdecl  (16)
	stmt : WHILE LPAREN expr RPAREN LBRACE vdecl_list . stmt_list RBRACE  (65)
	stmt_list : .  (56)

	BOOL  shift 12
	NUM  shift 13
	STRING  shift 14
	NODE  shift 15
	GRAPH  shift 16
	LIST  shift 17
	DICT  shift 18
	LPAREN  reduce 56
	LBRACE  reduce 56
	RBRACE  reduce 56
	RETURN  reduce 56
	IF  reduce 56
	FOR  reduce 56
	WHILE  reduce 56
	TRUE  reduce 56
	FALSE  reduce 56
	INF  reduce 56
	LITERAL  reduce 56
	ID  reduce 56

	vdecl  goto 186
	stmt_list  goto 187
	prim_decl_prefix  goto 29
	node_decl_prefix  goto 30
	graph_decl_prefix  goto 31
	list_decl_prefix  goto 32
	dict_decl_prefix  goto 33
	prim_type  goto 34


state 170
	fdecl : DEF ID ID LPAREN formals_opt RPAREN . LBRACE vdecl_list stmt_list RBRACE  (6)

	LBRACE  shift 188
	.  error


state 171
	formal_list : formal_list COMMA . ID  (10)

	ID  shift 189
	.  error


state 172
	edge_op : ID LBRACKET . expr RBRACKET UEDGE LBRACKET expr RBRACKET ID  (55)

	LPAREN  shift 5
	TRUE  shift 19
	FALSE  shift 20
	INF  shift 21
	LITERAL  shift 22
	ID  shift 36
	.  error

	expr  goto 190


state 173
	graph_decl_prefix : GRAPH ID ASSIGN LBRACE edge_op_list RBRACE .  (39)

	.  reduce 39


state 174
	edge_op_list : edge_op_list COMMA . edge_op  (49)

	ID  shift 153
	.  error

	edge_op  goto 191


state 175
	list_decl_prefix : LIST LT data_type GT ID ASSIGN . LBRACKET actuals_list RBRACKET  (42)

	LBRACKET  shift 192
	.  error


state 176
	dict_decl_prefix : DICT LT data_type COMMA data_type GT . ID  (45)
	dict_decl_prefix : DICT LT data_type COMMA data_type GT . ID ASSIGN LBRACE dict_formal_list RBRACE  (46)

	ID  shift 193
	.  error


state 177
	edge_op : ID LBRACKET expr RBRACKET UEDGE LBRACKET . expr RBRACKET ID  (55)

	LPAREN  shift 5
	TRUE  shift 19
	FALSE  shift 20
	INF  shift 21
	LITERAL  shift 22
	ID  shift 36
	.  error

	expr  goto 194


state 178
	expr : ID DOT ID LPAREN actuals_opt RPAREN .  (87)

	.  reduce 87


state 179
	edge_op : ID UEDGE LBRACKET expr RBRACKET ID .  (54)

	.  reduce 54


state 180
	edge_op : ID REDGE LBRACKET expr RBRACKET ID .  (53)

	.  reduce 53


state 181
	node_decl_prefix : node_decl_prefix COMMA ID LPAREN expr RPAREN .  (36)

	.  reduce 36


state 182
	list_decl_prefix : list_decl_prefix COMMA LT data_type GT ID .  (43)
	list_decl_prefix : list_decl_prefix COMMA LT data_type GT ID . ASSIGN LBRACKET actuals_list RBRACKET  (44)

	ASSIGN  shift 195
	SEMI  reduce 43
	COMMA  reduce 43


state 183
	dict_decl_prefix : dict_decl_prefix COMMA DICT LT data_type COMMA . data_type GT ID  (47)

	BOOL  shift 12
	NUM  shift 13
	STRING  shift 14
	NODE  shift 90
	GRAPH  shift 91
	LIST  shift 92
	DICT  shift 93
	.  error

	prim_type  goto 94
	data_type  goto 196


state 184
	stmt : IF LPAREN expr RPAREN stmt ELSE stmt .  (63)

	.  reduce 63


state 185
	stmt : FOR LPAREN ID IN ID RPAREN LBRACE . vdecl_list stmt_list RBRACE  (64)
	vdecl_list : .  (15)

	.  reduce 15

	vdecl_list  goto 197


state 186
	vdecl_list : vdecl_list vdecl .  (16)

	.  reduce 16


state 187
	stmt_list : stmt_list . stmt  (57)
	stmt : WHILE LPAREN expr RPAREN LBRACE vdecl_list stmt_list . RBRACE  (65)

	LPAREN  shift 5
	LBRACE  shift 6
	RBRACE  shift 198
	RETURN  shift 7
	IF  shift 8
	FOR  shift 9
	WHILE  shift 10
	TRUE  shift 19
	FALSE  shift 20
	INF  shift 21
	LITERAL  shift 22
	ID  shift 23
	.  error

	stmt  goto 82
	expr  goto 28
	edge_op  goto 35


state 188
	fdecl : DEF ID ID LPAREN formals_opt RPAREN LBRACE . vdecl_list stmt_list RBRACE  (6)
	vdecl_list : .  (15)

	.  reduce 15

	vdecl_list  goto 199


state 189
	formal_list : formal_list COMMA ID .  (10)

	.  reduce 10


state 190
	edge_op : ID LBRACKET expr . RBRACKET UEDGE LBRACKET expr RBRACKET ID  (55)
	expr : expr . PLUS expr  (72)
	expr : expr . MINUS expr  (73)
	expr : expr . TIMES expr  (74)
	expr : expr . DIVIDE expr  (75)
	expr : expr . EQ expr  (76)
	expr : expr . NEQ expr  (77)
	expr : expr . LT expr  (78)
	expr : expr . LEQ expr  (79)
	expr : expr . GT expr  (80)
	expr : expr . GEQ expr  (81)
	expr : expr . LOGAND expr  (82)
	expr : expr . LOGOR expr  (83)

	RBRACKET  shift 200
	PLUS  shift 55
	MINUS  shift 56
	TIMES  shift 57
	DIVIDE  shift 58
	EQ  shift 59
	NEQ  shift 60
	LT  shift 61
	LEQ  shift 62
	GT  shift 63
	GEQ  shift 64
	LOGAND  shift 65
	LOGOR  shift 66
	.  error


state 191
	edge_op_list : edge_op_list COMMA edge_op .  (49)

	.  reduce 49


state 192
	list_decl_prefix : LIST LT data_type GT ID ASSIGN LBRACKET . actuals_list RBRACKET  (42)

	LPAREN  shift 5
	TRUE  shift 19
	FALSE  shift 20
	INF  shift 21
	LITERAL  shift 22
	ID  shift 36
	.  error

	expr  goto 97
	actuals_list  goto 201


state 193
	dict_decl_prefix : DICT LT data_type COMMA data_type GT ID .  (45)
	dict_decl_prefix : DICT LT data_type COMMA data_type GT ID . ASSIGN LBRACE dict_formal_list RBRACE  (46)

	ASSIGN  shift 202
	SEMI  reduce 45
	COMMA  reduce 45


state 194
	edge_op : ID LBRACKET expr RBRACKET UEDGE LBRACKET expr . RBRACKET ID  (55)
	expr : expr . PLUS expr  (72)
	expr : expr . MINUS expr  (73)
	expr : expr . TIMES expr  (74)
	expr : expr . DIVIDE expr  (75)
	expr : expr . EQ expr  (76)
	expr : expr . NEQ expr  (77)
	expr : expr . LT expr  (78)
	expr : expr . LEQ expr  (79)
	expr : expr . GT expr  (80)
	expr : expr . GEQ expr  (81)
	expr : expr . LOGAND expr  (82)
	expr : expr . LOGOR expr  (83)

	RBRACKET  shift 203
	PLUS  shift 55
	MINUS  shift 56
	TIMES  shift 57
	DIVIDE  shift 58
	EQ  shift 59
	NEQ  shift 60
	LT  shift 61
	LEQ  shift 62
	GT  shift 63
	GEQ  shift 64
	LOGAND  shift 65
	LOGOR  shift 66
	.  error


state 195
	list_decl_prefix : list_decl_prefix COMMA LT data_type GT ID ASSIGN . LBRACKET actuals_list RBRACKET  (44)

	LBRACKET  shift 204
	.  error


state 196
	dict_decl_prefix : dict_decl_prefix COMMA DICT LT data_type COMMA data_type . GT ID  (47)

	GT  shift 205
	.  error


state 197
	vdecl_list : vdecl_list . vdecl  (16)
	stmt : FOR LPAREN ID IN ID RPAREN LBRACE vdecl_list . stmt_list RBRACE  (64)
	stmt_list : .  (56)

	BOOL  shift 12
	NUM  shift 13
	STRING  shift 14
	NODE  shift 15
	GRAPH  shift 16
	LIST  shift 17
	DICT  shift 18
	LPAREN  reduce 56
	LBRACE  reduce 56
	RBRACE  reduce 56
	RETURN  reduce 56
	IF  reduce 56
	FOR  reduce 56
	WHILE  reduce 56
	TRUE  reduce 56
	FALSE  reduce 56
	INF  reduce 56
	LITERAL  reduce 56
	ID  reduce 56

	vdecl  goto 186
	stmt_list  goto 206
	prim_decl_prefix  goto 29
	node_decl_prefix  goto 30
	graph_decl_prefix  goto 31
	list_decl_prefix  goto 32
	dict_decl_prefix  goto 33
	prim_type  goto 34


state 198
	stmt : WHILE LPAREN expr RPAREN LBRACE vdecl_list stmt_list RBRACE .  (65)

	.  reduce 65


state 199
	fdecl : DEF ID ID LPAREN formals_opt RPAREN LBRACE vdecl_list . stmt_list RBRACE  (6)
	vdecl_list : vdecl_list . vdecl  (16)
	stmt_list : .  (56)

	BOOL  shift 12
	NUM  shift 13
	STRING  shift 14
	NODE  shift 15
	GRAPH  shift 16
	LIST  shift 17
	DICT  shift 18
	LPAREN  reduce 56
	LBRACE  reduce 56
	RBRACE  reduce 56
	RETURN  reduce 56
	IF  reduce 56
	FOR  reduce 56
	WHILE  reduce 56
	TRUE  reduce 56
	FALSE  reduce 56
	INF  reduce 56
	LITERAL  reduce 56
	ID  reduce 56

	vdecl  goto 186
	stmt_list  goto 207
	prim_decl_prefix  goto 29
	node_decl_prefix  goto 30
	graph_decl_prefix  goto 31
	list_decl_prefix  goto 32
	dict_decl_prefix  goto 33
	prim_type  goto 34


state 200
	edge_op : ID LBRACKET expr RBRACKET . UEDGE LBRACKET expr RBRACKET ID  (55)

	UEDGE  shift 159
	.  error


state 201
	list_decl_prefix : LIST LT data_type GT ID ASSIGN LBRACKET actuals_list . RBRACKET  (42)
	actuals_list : actuals_list . COMMA expr  (92)

	RBRACKET  shift 208
	COMMA  shift 134
	.  error


state 202
	dict_decl_prefix : DICT LT data_type COMMA data_type GT ID ASSIGN . LBRACE dict_formal_list RBRACE  (46)

	LBRACE  shift 209
	.  error


state 203
	edge_op : ID LBRACKET expr RBRACKET UEDGE LBRACKET expr RBRACKET . ID  (55)

	ID  shift 210
	.  error


state 204
	list_decl_prefix : list_decl_prefix COMMA LT data_type GT ID ASSIGN LBRACKET . actuals_list RBRACKET  (44)

	LPAREN  shift 5
	TRUE  shift 19
	FALSE  shift 20
	INF  shift 21
	LITERAL  shift 22
	ID  shift 36
	.  error

	expr  goto 97
	actuals_list  goto 211


state 205
	dict_decl_prefix : dict_decl_prefix COMMA DICT LT data_type COMMA data_type GT . ID  (47)

	ID  shift 212
	.  error


state 206
	stmt_list : stmt_list . stmt  (57)
	stmt : FOR LPAREN ID IN ID RPAREN LBRACE vdecl_list stmt_list . RBRACE  (64)

	LPAREN  shift 5
	LBRACE  shift 6
	RBRACE  shift 213
	RETURN  shift 7
	IF  shift 8
	FOR  shift 9
	WHILE  shift 10
	TRUE  shift 19
	FALSE  shift 20
	INF  shift 21
	LITERAL  shift 22
	ID  shift 23
	.  error

	stmt  goto 82
	expr  goto 28
	edge_op  goto 35


state 207
	fdecl : DEF ID ID LPAREN formals_opt RPAREN LBRACE vdecl_list stmt_list . RBRACE  (6)
	stmt_list : stmt_list . stmt  (57)

	LPAREN  shift 5
	LBRACE  shift 6
	RBRACE  shift 214
	RETURN  shift 7
	IF  shift 8
	FOR  shift 9
	WHILE  shift 10
	TRUE  shift 19
	FALSE  shift 20
	INF  shift 21
	LITERAL  shift 22
	ID  shift 23
	.  error

	stmt  goto 82
	expr  goto 28
	edge_op  goto 35


state 208
	list_decl_prefix : LIST LT data_type GT ID ASSIGN LBRACKET actuals_list RBRACKET .  (42)

	.  reduce 42


state 209
	dict_decl_prefix : DICT LT data_type COMMA data_type GT ID ASSIGN LBRACE . dict_formal_list RBRACE  (46)

	LITERAL  shift 215
	ID  shift 216
	.  error

	dict_formal_list  goto 217


state 210
	edge_op : ID LBRACKET expr RBRACKET UEDGE LBRACKET expr RBRACKET ID .  (55)

	.  reduce 55


state 211
	list_decl_prefix : list_decl_prefix COMMA LT data_type GT ID ASSIGN LBRACKET actuals_list . RBRACKET  (44)
	actuals_list : actuals_list . COMMA expr  (92)

	RBRACKET  shift 218
	COMMA  shift 134
	.  error


state 212
	dict_decl_prefix : dict_decl_prefix COMMA DICT LT data_type COMMA data_type GT ID .  (47)

	.  reduce 47


state 213
	stmt : FOR LPAREN ID IN ID RPAREN LBRACE vdecl_list stmt_list RBRACE .  (64)

	.  reduce 64


state 214
	fdecl : DEF ID ID LPAREN formals_opt RPAREN LBRACE vdecl_list stmt_list RBRACE .  (6)

	.  reduce 6


state 215
	dict_formal_list : LITERAL . COLON expr  (12)

	COLON  shift 219
	.  error


state 216
	dict_formal_list : ID . COLON expr  (11)

	COLON  shift 220
	.  error


state 217
	dict_formal_list : dict_formal_list . COMMA ID COLON expr  (13)
	dict_formal_list : dict_formal_list . COMMA LITERAL COLON expr  (14)
	dict_decl_prefix : DICT LT data_type COMMA data_type GT ID ASSIGN LBRACE dict_formal_list . RBRACE  (46)

	RBRACE  shift 221
	COMMA  shift 222
	.  error


state 218
	list_decl_prefix : list_decl_prefix COMMA LT data_type GT ID ASSIGN LBRACKET actuals_list RBRACKET .  (44)

	.  reduce 44


state 219
	dict_formal_list : LITERAL COLON . expr  (12)

	LPAREN  shift 5
	TRUE  shift 19
	FALSE  shift 20
	INF  shift 21
	LITERAL  shift 22
	ID  shift 36
	.  error

	expr  goto 223


state 220
	dict_formal_list : ID COLON . expr  (11)

	LPAREN  shift 5
	TRUE  shift 19
	FALSE  shift 20
	INF  shift 21
	LITERAL  shift 22
	ID  shift 36
	.  error

	expr  goto 224


state 221
	dict_decl_prefix : DICT LT data_type COMMA data_type GT ID ASSIGN LBRACE dict_formal_list RBRACE .  (46)

	.  reduce 46


state 222
	dict_formal_list : dict_formal_list COMMA . ID COLON expr  (13)
	dict_formal_list : dict_formal_list COMMA . LITERAL COLON expr  (14)

	LITERAL  shift 225
	ID  shift 226
	.  error


state 223
	dict_formal_list : LITERAL COLON expr .  (12)
	expr : expr . PLUS expr  (72)
	expr : expr . MINUS expr  (73)
	expr : expr . TIMES expr  (74)
	expr : expr . DIVIDE expr  (75)
	expr : expr . EQ expr  (76)
	expr : expr . NEQ expr  (77)
	expr : expr . LT expr  (78)
	expr : expr . LEQ expr  (79)
	expr : expr . GT expr  (80)
	expr : expr . GEQ expr  (81)
	expr : expr . LOGAND expr  (82)
	expr : expr . LOGOR expr  (83)

	PLUS  shift 55
	MINUS  shift 56
	TIMES  shift 57
	DIVIDE  shift 58
	EQ  shift 59
	NEQ  shift 60
	LT  shift 61
	LEQ  shift 62
	GT  shift 63
	GEQ  shift 64
	LOGAND  shift 65
	LOGOR  shift 66
	RBRACE  reduce 12
	COMMA  reduce 12


state 224
	dict_formal_list : ID COLON expr .  (11)
	expr : expr . PLUS expr  (72)
	expr : expr . MINUS expr  (73)
	expr : expr . TIMES expr  (74)
	expr : expr . DIVIDE expr  (75)
	expr : expr . EQ expr  (76)
	expr : expr . NEQ expr  (77)
	expr : expr . LT expr  (78)
	expr : expr . LEQ expr  (79)
	expr : expr . GT expr  (80)
	expr : expr . GEQ expr  (81)
	expr : expr . LOGAND expr  (82)
	expr : expr . LOGOR expr  (83)

	PLUS  shift 55
	MINUS  shift 56
	TIMES  shift 57
	DIVIDE  shift 58
	EQ  shift 59
	NEQ  shift 60
	LT  shift 61
	LEQ  shift 62
	GT  shift 63
	GEQ  shift 64
	LOGAND  shift 65
	LOGOR  shift 66
	RBRACE  reduce 11
	COMMA  reduce 11


state 225
	dict_formal_list : dict_formal_list COMMA LITERAL . COLON expr  (14)

	COLON  shift 227
	.  error


state 226
	dict_formal_list : dict_formal_list COMMA ID . COLON expr  (13)

	COLON  shift 228
	.  error


state 227
	dict_formal_list : dict_formal_list COMMA LITERAL COLON . expr  (14)

	LPAREN  shift 5
	TRUE  shift 19
	FALSE  shift 20
	INF  shift 21
	LITERAL  shift 22
	ID  shift 36
	.  error

	expr  goto 229


state 228
	dict_formal_list : dict_formal_list COMMA ID COLON . expr  (13)

	LPAREN  shift 5
	TRUE  shift 19
	FALSE  shift 20
	INF  shift 21
	LITERAL  shift 22
	ID  shift 36
	.  error

	expr  goto 230


state 229
	dict_formal_list : dict_formal_list COMMA LITERAL COLON expr .  (14)
	expr : expr . PLUS expr  (72)
	expr : expr . MINUS expr  (73)
	expr : expr . TIMES expr  (74)
	expr : expr . DIVIDE expr  (75)
	expr : expr . EQ expr  (76)
	expr : expr . NEQ expr  (77)
	expr : expr . LT expr  (78)
	expr : expr . LEQ expr  (79)
	expr : expr . GT expr  (80)
	expr : expr . GEQ expr  (81)
	expr : expr . LOGAND expr  (82)
	expr : expr . LOGOR expr  (83)

	PLUS  shift 55
	MINUS  shift 56
	TIMES  shift 57
	DIVIDE  shift 58
	EQ  shift 59
	NEQ  shift 60
	LT  shift 61
	LEQ  shift 62
	GT  shift 63
	GEQ  shift 64
	LOGAND  shift 65
	LOGOR  shift 66
	RBRACE  reduce 14
	COMMA  reduce 14


state 230
	dict_formal_list : dict_formal_list COMMA ID COLON expr .  (13)
	expr : expr . PLUS expr  (72)
	expr : expr . MINUS expr  (73)
	expr : expr . TIMES expr  (74)
	expr : expr . DIVIDE expr  (75)
	expr : expr . EQ expr  (76)
	expr : expr . NEQ expr  (77)
	expr : expr . LT expr  (78)
	expr : expr . LEQ expr  (79)
	expr : expr . GT expr  (80)
	expr : expr . GEQ expr  (81)
	expr : expr . LOGAND expr  (82)
	expr : expr . LOGOR expr  (83)

	PLUS  shift 55
	MINUS  shift 56
	TIMES  shift 57
	DIVIDE  shift 58
	EQ  shift 59
	NEQ  shift 60
	LT  shift 61
	LEQ  shift 62
	GT  shift 63
	GEQ  shift 64
	LOGAND  shift 65
	LOGOR  shift 66
	RBRACE  reduce 13
	COMMA  reduce 13


State 23 contains 1 reduce/reduce conflict.


50 terminals, 24 nonterminals
94 grammar rules, 231 states
